[03:57:19] [ServerMain/INFO]: Building unoptimized datafixer
[03:57:20] [ServerMain/INFO]: Environment: authHost='https://authserver.mojang.com', accountsHost='https://api.mojang.com', sessionHost='https://sessionserver.mojang.com', servicesHost='https://api.minecraftservices.com', name='PROD'
[03:57:22] [ServerMain/INFO]: Loaded 7 recipes
[03:57:22] [ServerMain/INFO]: Loaded 1179 advancements
[03:57:23] [Server thread/INFO]: Starting minecraft server version 1.19.2
[03:57:23] [Server thread/INFO]: Loading properties
[03:57:23] [Server thread/INFO]: Default game type: SURVIVAL
[03:57:23] [Server thread/INFO]: Generating keypair
[03:57:23] [Server thread/INFO]: Starting Minecraft server on *:25565
[03:57:23] [Server thread/INFO]: Using epoll channel type
[03:57:23] [Server thread/WARN]: **** SERVER IS RUNNING IN OFFLINE/INSECURE MODE!
[03:57:23] [Server thread/WARN]: The server will make no attempt to authenticate usernames. Beware.
[03:57:23] [Server thread/WARN]: While this makes the game possible to play without internet access, it also opens up the ability for hackers to connect with any username they choose.
[03:57:23] [Server thread/WARN]: To change this, set "online-mode" to "true" in the server.properties file.
[03:57:23] [Server thread/INFO]: Preparing level "world"
[03:57:23] [Server thread/INFO]: Preparing start region for dimension minecraft:overworld
[03:57:27] [Worker-Main-1/INFO]: Preparing spawn area: 0%
[03:57:27] [Worker-Main-3/INFO]: Preparing spawn area: 0%
[03:57:27] [Worker-Main-3/INFO]: Preparing spawn area: 0%
[03:57:27] [Worker-Main-3/INFO]: Preparing spawn area: 0%
[03:57:27] [Worker-Main-3/INFO]: Preparing spawn area: 0%
[03:57:27] [Worker-Main-3/INFO]: Preparing spawn area: 0%
[03:57:27] [Worker-Main-3/INFO]: Preparing spawn area: 0%
[03:57:27] [Worker-Main-3/INFO]: Preparing spawn area: 0%
[03:57:27] [Worker-Main-3/INFO]: Preparing spawn area: 0%
[03:57:28] [Worker-Main-3/INFO]: Preparing spawn area: 29%
[03:57:28] [Worker-Main-3/INFO]: Preparing spawn area: 84%
[03:57:28] [Server thread/INFO]: Time elapsed: 5195 ms
[03:57:28] [Server thread/INFO]: Done (5.423s)! For help, type "help"
[03:58:33] [Server thread/INFO]: Unknown or incomplete command, see below for error
[03:58:33] [Server thread/INFO]: <--[HERE]
